Determining if the pthread_create exist failed with the following output:
Change Dir: /home/eymer/ardupilot_ws/build/hrwros_utilities/CMakeFiles/CMakeTmp

Run Build Command:"/usr/bin/make" "cmTC_e0dcd/fast"
/usr/bin/make -f CMakeFiles/cmTC_e0dcd.dir/build.make CMakeFiles/cmTC_e0dcd.dir/build
make[1]: Entering directory '/home/eymer/ardupilot_ws/build/hrwros_utilities/CMakeFiles/CMakeTmp'
Building C object CMakeFiles/cmTC_e0dcd.dir/CheckSymbolExists.c.o
/usr/bin/cc    -o CMakeFiles/cmTC_e0dcd.dir/CheckSymbolExists.c.o   -c /home/eymer/ardupilot_ws/build/hrwros_utilities/CMakeFiles/CMakeTmp/CheckSymbolExists.c
Linking C executable cmTC_e0dcd
/usr/bin/cmake -E cmake_link_script CMakeFiles/cmTC_e0dcd.dir/link.txt --verbose=1
/usr/bin/cc      -rdynamic CMakeFiles/cmTC_e0dcd.dir/CheckSymbolExists.c.o  -o cmTC_e0dcd 
CMakeFiles/cmTC_e0dcd.dir/CheckSymbolExists.c.o: In function `main':
CheckSymbolExists.c:(.text+0x1b): undefined reference to `pthread_create'
collect2: error: ld returned 1 exit status
CMakeFiles/cmTC_e0dcd.dir/build.make:97: recipe for target 'cmTC_e0dcd' failed
make[1]: *** [cmTC_e0dcd] Error 1
make[1]: Leaving directory '/home/eymer/ardupilot_ws/build/hrwros_utilities/CMakeFiles/CMakeTmp'
Makefile:126: recipe for target 'cmTC_e0dcd/fast' failed
make: *** [cmTC_e0dcd/fast] Error 2

File /home/eymer/ardupilot_ws/build/hrwros_utilities/CMakeFiles/CMakeTmp/CheckSymbolExists.c:
/* */
#include <pthread.h>

int main(int argc, char** argv)
{
  (void)argv;
#ifndef pthread_create
  return ((int*)(&pthread_create))[argc];
#else
  (void)argc;
  return 0;
#endif
}

Determining if the function pthread_create exists in the pthreads failed with the following output:
Change Dir: /home/eymer/ardupilot_ws/build/hrwros_utilities/CMakeFiles/CMakeTmp

Run Build Command:"/usr/bin/make" "cmTC_413c7/fast"
/usr/bin/make -f CMakeFiles/cmTC_413c7.dir/build.make CMakeFiles/cmTC_413c7.dir/build
make[1]: Entering directory '/home/eymer/ardupilot_ws/build/hrwros_utilities/CMakeFiles/CMakeTmp'
Building C object CMakeFiles/cmTC_413c7.dir/CheckFunctionExists.c.o
/usr/bin/cc   -DCHECK_FUNCTION_EXISTS=pthread_create   -o CMakeFiles/cmTC_413c7.dir/CheckFunctionExists.c.o   -c /usr/share/cmake-3.10/Modules/CheckFunctionExists.c
Linking C executable cmTC_413c7
/usr/bin/cmake -E cmake_link_script CMakeFiles/cmTC_413c7.dir/link.txt --verbose=1
/usr/bin/cc  -DCHECK_FUNCTION_EXISTS=pthread_create    -rdynamic CMakeFiles/cmTC_413c7.dir/CheckFunctionExists.c.o  -o cmTC_413c7 -lpthreads 
/usr/bin/ld: cannot find -lpthreads
collect2: error: ld returned 1 exit status
CMakeFiles/cmTC_413c7.dir/build.make:97: recipe for target 'cmTC_413c7' failed
make[1]: *** [cmTC_413c7] Error 1
make[1]: Leaving directory '/home/eymer/ardupilot_ws/build/hrwros_utilities/CMakeFiles/CMakeTmp'
Makefile:126: recipe for target 'cmTC_413c7/fast' failed
make: *** [cmTC_413c7/fast] Error 2


